<?xml version="1.0" encoding="UTF-8"?>
<!-- Generated by org.testng.reporters.JUnitReportReporter -->
<testsuite hostname="BLR300" failures="1" tests="1" name="cucumberOptions.FailedTestNgRunner" time="9.364" errors="0" timestamp="2022-03-06T15:23:13 IST" skipped="0">
  <testcase classname="cucumberOptions.FailedTestNgRunner" name="runScenario" time="9.364">
    <failure message="expected [No data] but found [Beetroot]" type="java.lang.AssertionError">
      <![CDATA[java.lang.AssertionError: expected [No data] but found [Beetroot]
at org.testng.Assert.fail(Assert.java:99)
at org.testng.Assert.failNotEquals(Assert.java:1037)
at org.testng.Assert.assertEqualsImpl(Assert.java:140)
at org.testng.Assert.assertEquals(Assert.java:122)
at org.testng.Assert.assertEquals(Assert.java:629)
at org.testng.Assert.assertEquals(Assert.java:639)
at stepDefinations.offerPageStepdefinations.validate_both_page_searched_product_is_matching(offerPageStepdefinations.java:50)
at ✽.Validate both page searched product is matching(file:///C:/Users/Sanjay.bhat/Desktop/In/CucumberSample/src/test/java/features/SearchProduct.feature:10)
]]>
    </failure>
  </testcase> <!-- runScenario -->
  <system-out/>
</testsuite> <!-- cucumberOptions.FailedTestNgRunner -->
